\BOOKMARK [1][-]{section.1}{\376\377\000\332\000v\000o\000d}{}% 1
\BOOKMARK [1][-]{section.2}{\376\377\000I\000m\000p\000l\000e\000m\000e\000n\000t\000\341\000c\000i\000a}{}% 2
\BOOKMARK [2][-]{subsection.2.1}{\376\377\000L\000e\000x\000i\000k\000\341\000l\000n\000a\000\040\000a\000n\000a\000l\000\375\000z\000a}{section.2}% 3
\BOOKMARK [2][-]{subsection.2.2}{\376\377\000S\000y\000n\000t\000a\000k\000t\000i\000c\000k\000\341\000\040\000a\000n\000a\000l\000\375\000z\000a}{section.2}% 4
\BOOKMARK [3][-]{subsubsection.2.2.1}{\376\377\000S\000y\000n\000t\000a\000k\000t\000i\000c\000k\000\341\000\040\000a\000n\000a\000l\000\375\000z\000a\000\040\000v\000\375\000r\000a\000z\000o\000v}{subsection.2.2}% 5
\BOOKMARK [2][-]{subsection.2.3}{\376\377\000S\000\351\000m\000a\000n\000t\000i\000c\000k\000\341\000\040\000a\000n\000a\000l\000\375\000z\000a}{section.2}% 6
\BOOKMARK [2][-]{subsection.2.4}{\376\377\000G\000e\000n\000e\000r\000o\000v\000a\000n\000i\000e\000\040\000c\000i\000e\001\076\000o\000v\000\351\000h\000o\000\040\000k\000\363\000d\000u}{section.2}% 7
\BOOKMARK [1][-]{section.3}{\376\377\000A\000l\000g\000o\000r\000i\000t\000m\000y\000\040\000a\000\040\000d\000\341\000t\000o\000v\000\351\000\040\001\141\000t\000r\000u\000k\000t\000\372\000r\000y}{}% 8
\BOOKMARK [2][-]{subsection.3.1}{\376\377\000T\000a\000b\000u\001\076\000k\000a\000\040\000s\000\040\000r\000o\000z\000p\000\375\000l\000e\000n\000\375\000m\000i\000\040\000p\000o\000l\000o\001\176\000k\000a\000m\000i}{section.3}% 9
\BOOKMARK [2][-]{subsection.3.2}{\376\377\000Z\000\341\000s\000o\000b\000n\000\355\000k}{section.3}% 10
\BOOKMARK [2][-]{subsection.3.3}{\376\377\000D\000y\000n\000a\000m\000i\000c\000k\000\375\000\040\000r\000e\001\145\000a\000z\000e\000c}{section.3}% 11
\BOOKMARK [1][-]{section.4}{\376\377\000P\000r\000\341\000c\000a\000\040\000v\000\040\000t\000\375\000m\000e}{}% 12
\BOOKMARK [2][-]{subsection.4.1}{\376\377\000P\000r\000\355\000p\000r\000a\000v\000a\000,\000\040\000p\000l\000\341\000n\000\040\000a\000\040\000s\000p\000\364\000s\000o\000b\000\040\000p\000r\000\341\000c\000e}{section.4}% 13
\BOOKMARK [2][-]{subsection.4.2}{\376\377\000K\000o\000m\000u\000n\000i\000k\000\341\000c\000i\000a}{section.4}% 14
\BOOKMARK [2][-]{subsection.4.3}{\376\377\000V\000e\000r\000z\000o\000v\000a\000c\000\355\000\040\000s\000y\000s\000t\000\351\000m}{section.4}% 15
\BOOKMARK [2][-]{subsection.4.4}{\376\377\000P\000r\000e\000k\000l\000a\000d\000o\000v\000\375\000\040\000s\000y\000s\000t\000\351\000m}{section.4}% 16
\BOOKMARK [3][-]{subsubsection.4.4.1}{\376\377\000G\000N\000U\000\040\000M\000a\000k\000e}{subsection.4.4}% 17
\BOOKMARK [3][-]{subsubsection.4.4.2}{\376\377\000C\000M\000a\000k\000e}{subsection.4.4}% 18
\BOOKMARK [2][-]{subsection.4.5}{\376\377\000R\000o\000z\000d\000e\000l\000e\000n\000i\000e\000\040\000p\000r\000\341\000c\000e}{section.4}% 19
\BOOKMARK [1][-]{section.5}{\376\377\000Z\000\341\000v\000e\000r}{}% 20
\BOOKMARK [1][-]{section.6}{\376\377\000P\000o\000u\000z\000i\000t\000\341\000\040\000l\000i\000t\000e\000r\000a\000t\000\372\000r\000a}{}% 21
\BOOKMARK [1][-]{section.7}{\376\377\000P\000r\000\355\000l\000o\000h\000a}{}% 22
\BOOKMARK [1][-]{appendix.A}{\376\377\000L\000L\000\040\000G\000r\000a\000m\000a\000t\000i\000k\000a}{}% 23
\BOOKMARK [1][-]{appendix.B}{\376\377\000P\000r\000e\000c\000e\000d\000e\000n\001\015\000n\000\341\000\040\000t\000a\000b\000u\001\076\000k\000a}{}% 24
\BOOKMARK [1][-]{appendix.C}{\376\377\000D\000i\000a\000g\000r\000a\000m\000\040\000k\000o\000n\000e\001\015\000n\000\351\000h\000o\000\040\000a\000u\000t\000o\000m\000a\000t\000u\000\040\000p\000r\000e\000\040\000l\000e\000x\000i\000k\000\341\000l\000n\000y\000\040\000a\000n\000a\000l\000y\000z\000\341\000t\000o\000r}{}% 25
\BOOKMARK [1][-]{appendix.D}{\376\377\000L\000L\000\040\040\023\000\040\000t\000a\000b\000u\000l\000k\000a}{}% 26
